#
# A fatal error has been detected by the Java Runtime Environment:
#
#  EXCEPTION_STACK_OVERFLOW (0xc00000fd) at pc=0x0000000053844757, pid=15344, tid=0x0000000000004058
#
# JRE version: Java(TM) SE Runtime Environment (8.0_181-b13) (build 1.8.0_181-b13)
# Java VM: Java HotSpot(TM) 64-Bit Server VM (25.181-b13 mixed mode windows-amd64 compressed oops)
# Problematic frame:
# V  [jvm.dll+0x214757]
#
# Failed to write core dump. Minidumps are not enabled by default on client versions of Windows
#
# If you would like to submit a bug report, please visit:
#   http://bugreport.java.com/bugreport/crash.jsp
#

---------------  T H R E A D  ---------------

Current thread (0x000000001b81b000):  JavaThread "http-nio-8888-Acceptor" daemon [_thread_in_vm, id=16472, stack(0x000000001deb0000,0x000000001dfb0000)]

siginfo: ExceptionCode=0xc00000fd, ExceptionInformation=0x0000000000000001 0x000000001dfac400 

Registers:
RAX=0x000000001dfac400, RBX=0x0000000000000004, RCX=0x0000000000003000, RDX=0x0000000000000006
RSP=0x000000001dfaf400, RBP=0x0000000000000000, RSI=0x000000001dfaf400, RDI=0x0000000000000004
R8 =0x0000000000000006, R9 =0x000000001b930df0, R10=0x0000000016f0c570, R11=0x000000001deba148
R12=0x000000001b930df0, R13=0x000000001b81b000, R14=0x000000001dfaf4c8, R15=0x0000000016f0c570
RIP=0x0000000053844757, EFLAGS=0x0000000000010206

Top of Stack: (sp=0x000000001dfaf400)
0x000000001dfaf400:   00009c51a9c033bf 0000000100006bd0
0x000000001dfaf410:   000000001b81b000 000000001b930df0
0x000000001dfaf420:   00000000ffffffff 0000000053845687
0x000000001dfaf430:   000000001dfaf530 0000000016f0c570
0x000000001dfaf440:   000000001b81b000 00000000536f1073
0x000000001dfaf450:   000000001dfaf490 000000001b81b000
0x000000001dfaf460:   000000001dfaf520 000000001b81b000
0x000000001dfaf470:   0000000016f0c570 000000001b81b000
0x000000001dfaf480:   0000000002d76e60 000000001b81b000
0x000000001dfaf490:   0000000016f0c570 000000001b81b000
0x000000001dfaf4a0:   0000000016f0c570 000000001b81b000
0x000000001dfaf4b0:   0000000000000001 0000000016f0c570
0x000000001dfaf4c0:   000000001b81b000 000000001999bb10
0x000000001dfaf4d0:   000000001b81b000 00000000536f27dd
0x000000001dfaf4e0:   000000001dfaf7e8 0000000100006bd0
0x000000001dfaf4f0:   0000000100006bd0 0000000054a90000 

Instructions: (pc=0x0000000053844757)
0x0000000053844737:   48 89 6c 24 30 33 ed 66 90 e8 9b 4e 08 00 ff c3
0x0000000053844747:   48 63 c8 48 8b c6 48 0f af cf 48 ff c7 48 2b c1
0x0000000053844757:   89 28 48 63 c3 48 3b 05 f5 80 59 00 7e db 48 8b
0x0000000053844767:   6c 24 30 48 8b 5c 24 38 48 8b 74 24 40 48 83 c4 


Register to memory mapping:

RAX=0x000000001dfac400 is pointing into the stack for thread: 0x000000001b81b000
RBX=0x0000000000000004 is an unknown value
RCX=0x0000000000003000 is an unknown value
RDX=0x0000000000000006 is an unknown value
RSP=0x000000001dfaf400 is pointing into the stack for thread: 0x000000001b81b000
RBP=0x0000000000000000 is an unknown value
RSI=0x000000001dfaf400 is pointing into the stack for thread: 0x000000001b81b000
RDI=0x0000000000000004 is an unknown value
R8 =0x0000000000000006 is an unknown value
R9 =0x000000001b930df0 is an unknown value
R10={method} {0x0000000016f0c578} 'run' '()V' in 'java/lang/Thread'
R11=0x000000001deba148 is pointing into the stack for thread: 0x000000001b81b000
R12=0x000000001b930df0 is an unknown value
R13=0x000000001b81b000 is a thread
R14=0x000000001dfaf4c8 is pointing into the stack for thread: 0x000000001b81b000
R15={method} {0x0000000016f0c578} 'run' '()V' in 'java/lang/Thread'


Stack: [0x000000001deb0000,0x000000001dfb0000],  sp=0x000000001dfaf400,  free space=1021k
Native frames: (J=compiled Java code, j=interpreted, Vv=VM code, C=native code)


---------------  P R O C E S S  ---------------

Java Threads: ( => current thread )
=>0x000000001b81b000 JavaThread "http-nio-8888-Acceptor" daemon [_thread_in_vm, id=16472, stack(0x000000001deb0000,0x000000001dfb0000)]
  0x000000001b81a000 JavaThread "http-nio-8888-ClientPoller" daemon [_thread_in_native, id=17348, stack(0x000000001ddb0000,0x000000001deb0000)]
  0x000000001b819800 JavaThread "http-nio-8888-exec-10" daemon [_thread_blocked, id=8896, stack(0x000000001dcb0000,0x000000001ddb0000)]
  0x000000001b818800 JavaThread "http-nio-8888-exec-9" daemon [_thread_blocked, id=13412, stack(0x000000001dbb0000,0x000000001dcb0000)]
  0x000000001b817000 JavaThread "http-nio-8888-exec-8" daemon [_thread_blocked, id=14712, stack(0x000000001dab0000,0x000000001dbb0000)]
  0x000000001b816800 JavaThread "http-nio-8888-exec-7" daemon [_thread_blocked, id=15424, stack(0x000000001d9b0000,0x000000001dab0000)]
  0x000000001b81c800 JavaThread "http-nio-8888-exec-6" daemon [_thread_blocked, id=15028, stack(0x000000001d8b0000,0x000000001d9b0000)]
  0x000000001b812800 JavaThread "http-nio-8888-exec-5" daemon [_thread_blocked, id=6912, stack(0x000000001d7b0000,0x000000001d8b0000)]
  0x000000001b818000 JavaThread "http-nio-8888-exec-4" daemon [_thread_blocked, id=16244, stack(0x000000001d6b0000,0x000000001d7b0000)]
  0x000000001b80f000 JavaThread "http-nio-8888-exec-3" daemon [_thread_blocked, id=12192, stack(0x000000001d5b0000,0x000000001d6b0000)]
  0x000000001b815800 JavaThread "http-nio-8888-exec-2" daemon [_thread_blocked, id=16436, stack(0x000000001d4b0000,0x000000001d5b0000)]
  0x000000001b80e000 JavaThread "http-nio-8888-exec-1" daemon [_thread_blocked, id=14908, stack(0x000000001d2b0000,0x000000001d3b0000)]
  0x000000001b811000 JavaThread "http-nio-8888-BlockPoller" daemon [_thread_in_native, id=15044, stack(0x000000001d0b0000,0x000000001d1b0000)]
  0x000000001b80f800 JavaThread "File Watcher" daemon [_thread_blocked, id=1892, stack(0x000000001cfb0000,0x000000001d0b0000)]
  0x000000001b814000 JavaThread "container-0" [_thread_blocked, id=8744, stack(0x000000001c7b0000,0x000000001c8b0000)]
  0x000000001b812000 JavaThread "Catalina-utility-2" [_thread_blocked, id=6752, stack(0x000000001c6b0000,0x000000001c7b0000)]
  0x000000001b815000 JavaThread "Catalina-utility-1" [_thread_blocked, id=15336, stack(0x000000001a7e0000,0x000000001a8e0000)]
  0x000000001b813800 JavaThread "restartedMain" [_thread_blocked, id=9788, stack(0x000000001a6e0000,0x000000001a7e0000)]
  0x000000001b810800 JavaThread "Thread-166" [_thread_blocked, id=6808, stack(0x0000000000e50000,0x0000000000f50000)]
  0x000000001b80d800 JavaThread "DestroyJavaVM" [_thread_blocked, id=14460, stack(0x0000000002710000,0x0000000002810000)]
  0x000000001b801800 JavaThread "Live Reload Server" daemon [_thread_in_native, id=8252, stack(0x000000001d1b0000,0x000000001d2b0000)]
  0x000000001b5ef000 JavaThread "mysql-cj-abandoned-connection-cleanup" daemon [_thread_blocked, id=11456, stack(0x000000001c8b0000,0x000000001c9b0000)]
  0x000000001987b800 JavaThread "RMI TCP Accept-0" daemon [_thread_in_native, id=10544, stack(0x000000001a030000,0x000000001a130000)]
  0x0000000019815800 JavaThread "RMI TCP Accept-61046" daemon [_thread_in_native, id=11936, stack(0x0000000019f30000,0x000000001a030000)]
  0x0000000019806000 JavaThread "RMI TCP Accept-0" daemon [_thread_in_native, id=16084, stack(0x0000000019e30000,0x0000000019f30000)]
  0x0000000018c9e800 JavaThread "Service Thread" daemon [_thread_blocked, id=2168, stack(0x0000000019530000,0x0000000019630000)]
  0x0000000018c9b000 JavaThread "C1 CompilerThread2" daemon [_thread_blocked, id=15384, stack(0x0000000019430000,0x0000000019530000)]
  0x0000000018c8e000 JavaThread "C2 CompilerThread1" daemon [_thread_blocked, id=13592, stack(0x0000000019330000,0x0000000019430000)]
  0x0000000018c33000 JavaThread "C2 CompilerThread0" daemon [_thread_blocked, id=15472, stack(0x0000000019230000,0x0000000019330000)]
  0x0000000018c32800 JavaThread "Attach Listener" daemon [_thread_blocked, id=2204, stack(0x0000000019130000,0x0000000019230000)]
  0x00000000178de800 JavaThread "Signal Dispatcher" daemon [_thread_blocked, id=11876, stack(0x0000000019030000,0x0000000019130000)]
  0x000000001786c000 JavaThread "Finalizer" daemon [_thread_blocked, id=17356, stack(0x0000000018ad0000,0x0000000018bd0000)]
  0x0000000002d26000 JavaThread "Reference Handler" daemon [_thread_blocked, id=13320, stack(0x00000000189d0000,0x0000000018ad0000)]

Other Threads:
  0x0000000017847800 VMThread [stack: 0x00000000188d0000,0x00000000189d0000] [id=9740]
  0x000000001981a000 WatcherThread [stack: 0x000000001a130000,0x000000001a230000] [id=14700]

VM state:synchronizing (normal execution)

VM Mutex/Monitor currently owned by a thread:  ([mutex/lock_event])
[0x0000000002c329d0] Threads_lock - owner thread: 0x0000000017847800

Heap:
 PSYoungGen      total 352256K, used 200976K [0x00000000d5d80000, 0x00000000ec700000, 0x0000000100000000)
  eden space 342528K, 56% used [0x00000000d5d80000,0x00000000e1bf2e80,0x00000000eac00000)
  from space 9728K, 61% used [0x00000000ebd80000,0x00000000ec351550,0x00000000ec700000)
  to   space 13824K, 0% used [0x00000000eac00000,0x00000000eac00000,0x00000000eb980000)
 ParOldGen       total 91136K, used 12696K [0x0000000081800000, 0x0000000087100000, 0x00000000d5d80000)
  object space 91136K, 13% used [0x0000000081800000,0x0000000082466380,0x0000000087100000)
 Metaspace       used 34832K, capacity 37164K, committed 37248K, reserved 1081344K
  class space    used 4738K, capacity 5197K, committed 5248K, reserved 1048576K

Card table byte_map: [0x00000000120f0000,0x00000000124f0000] byte_map_base: 0x0000000011ce4000

Marking Bits: (ParMarkBitMap*) 0x0000000053e52d00
 Begin Bits: [0x0000000012ba0000, 0x0000000014b40000)
 End Bits:   [0x0000000014b40000, 0x0000000016ae0000)

Polling page: 0x0000000000b40000

CodeCache: size=245760Kb used=10767Kb max_used=10767Kb free=234992Kb
 bounds [0x0000000002d30000, 0x00000000037c0000, 0x0000000011d30000]
 total_blobs=6042 nmethods=5581 adapters=373
 compilation: enabled

Compilation events (10 events):
Event: 547.182 Thread 0x0000000018c9b000 nmethod 5653 0x00000000037b3710 code [0x00000000037b3860, 0x00000000037b39d0]
Event: 547.182 Thread 0x0000000018c9b000 5654       1       org.springframework.core.MethodIntrospector$$Lambda$475/969518049::<init> (20 bytes)
Event: 547.182 Thread 0x0000000018c9b000 nmethod 5654 0x00000000037b3a50 code [0x00000000037b3ba0, 0x00000000037b3cf0]
Event: 547.183 Thread 0x0000000018c9b000 5655       1       org.springframework.util.ClassUtils::getAllInterfacesForClassAsSet (6 bytes)
Event: 547.183 Thread 0x0000000018c9b000 nmethod 5655 0x00000000037b3d50 code [0x00000000037b3ea0, 0x00000000037b3fa8]
Event: 547.192 Thread 0x0000000018c9b000 5656       1       java.nio.HeapByteBuffer::get (15 bytes)
Event: 547.192 Thread 0x0000000018c9b000 nmethod 5656 0x00000000037b4010 code [0x00000000037b4160, 0x00000000037b42b0]
Event: 547.195 Thread 0x0000000018c9b000 5657       1       org.apache.catalina.core.DefaultInstanceManager::findPostConstruct (9 bytes)
Event: 547.195 Thread 0x0000000018c9b000 nmethod 5657 0x00000000037b43d0 code [0x00000000037b4520, 0x00000000037b4628]
Event: 547.195 Thread 0x0000000018c9b000 5658       1       org.apache.catalina.core.DefaultInstanceManager::findPreDestroy (9 bytes)

GC Heap History (10 events):
Event: 307.673 GC heap before
{Heap before GC invocations=11 (full 1):
 PSYoungGen      total 215040K, used 118867K [0x00000000d5d80000, 0x00000000e7a80000, 0x0000000100000000)
  eden space 204288K, 52% used [0x00000000d5d80000,0x00000000dc718fb0,0x00000000e2500000)
  from space 10752K, 99% used [0x00000000e2500000,0x00000000e2f7c040,0x00000000e2f80000)
  to   space 13312K, 0% used [0x00000000e6d80000,0x00000000e6d80000,0x00000000e7a80000)
 ParOldGen       total 58880K, used 14959K [0x0000000081800000, 0x0000000085180000, 0x00000000d5d80000)
  object space 58880K, 25% used [0x0000000081800000,0x000000008269bc68,0x0000000085180000)
 Metaspace       used 33335K, capacity 35388K, committed 35456K, reserved 1079296K
  class space    used 4525K, capacity 4926K, committed 4992K, reserved 1048576K
Event: 307.705 GC heap after
Heap after GC invocations=11 (full 1):
 PSYoungGen      total 262144K, used 4416K [0x00000000d5d80000, 0x00000000e7300000, 0x0000000100000000)
  eden space 256512K, 0% used [0x00000000d5d80000,0x00000000d5d80000,0x00000000e5800000)
  from space 5632K, 78% used [0x00000000e6d80000,0x00000000e71d0040,0x00000000e7300000)
  to   space 13824K, 0% used [0x00000000e5800000,0x00000000e5800000,0x00000000e6580000)
 ParOldGen       total 58880K, used 21481K [0x0000000081800000, 0x0000000085180000, 0x00000000d5d80000)
  object space 58880K, 36% used [0x0000000081800000,0x0000000082cfa430,0x0000000085180000)
 Metaspace       used 33335K, capacity 35388K, committed 35456K, reserved 1079296K
  class space    used 4525K, capacity 4926K, committed 4992K, reserved 1048576K
}
Event: 307.705 GC heap before
{Heap before GC invocations=12 (full 2):
 PSYoungGen      total 262144K, used 4416K [0x00000000d5d80000, 0x00000000e7300000, 0x0000000100000000)
  eden space 256512K, 0% used [0x00000000d5d80000,0x00000000d5d80000,0x00000000e5800000)
  from space 5632K, 78% used [0x00000000e6d80000,0x00000000e71d0040,0x00000000e7300000)
  to   space 13824K, 0% used [0x00000000e5800000,0x00000000e5800000,0x00000000e6580000)
 ParOldGen       total 58880K, used 21481K [0x0000000081800000, 0x0000000085180000, 0x00000000d5d80000)
  object space 58880K, 36% used [0x0000000081800000,0x0000000082cfa430,0x0000000085180000)
 Metaspace       used 33335K, capacity 35388K, committed 35456K, reserved 1079296K
  class space    used 4525K, capacity 4926K, committed 4992K, reserved 1048576K
Event: 307.939 GC heap after
Heap after GC invocations=12 (full 2):
 PSYoungGen      total 262144K, used 0K [0x00000000d5d80000, 0x00000000e7300000, 0x0000000100000000)
  eden space 256512K, 0% used [0x00000000d5d80000,0x00000000d5d80000,0x00000000e5800000)
  from space 5632K, 0% used [0x00000000e6d80000,0x00000000e6d80000,0x00000000e7300000)
  to   space 13824K, 0% used [0x00000000e5800000,0x00000000e5800000,0x00000000e6580000)
 ParOldGen       total 91136K, used 18042K [0x0000000081800000, 0x0000000087100000, 0x00000000d5d80000)
  object space 91136K, 19% used [0x0000000081800000,0x000000008299e9c0,0x0000000087100000)
 Metaspace       used 33328K, capacity 35376K, committed 35456K, reserved 1079296K
  class space    used 4524K, capacity 4924K, committed 4992K, reserved 1048576K
}
Event: 545.219 GC heap before
{Heap before GC invocations=13 (full 2):
 PSYoungGen      total 262144K, used 134599K [0x00000000d5d80000, 0x00000000e7300000, 0x0000000100000000)
  eden space 256512K, 52% used [0x00000000d5d80000,0x00000000de0f1e18,0x00000000e5800000)
  from space 5632K, 0% used [0x00000000e6d80000,0x00000000e6d80000,0x00000000e7300000)
  to   space 13824K, 0% used [0x00000000e5800000,0x00000000e5800000,0x00000000e6580000)
 ParOldGen       total 91136K, used 18042K [0x0000000081800000, 0x0000000087100000, 0x00000000d5d80000)
  object space 91136K, 19% used [0x0000000081800000,0x000000008299e9c0,0x0000000087100000)
 Metaspace       used 34161K, capacity 36286K, committed 36608K, reserved 1081344K
  class space    used 4652K, capacity 5074K, committed 5120K, reserved 1048576K
Event: 545.222 GC heap after
Heap after GC invocations=13 (full 2):
 PSYoungGen      total 270336K, used 995K [0x00000000d5d80000, 0x00000000ecb80000, 0x0000000100000000)
  eden space 256512K, 0% used [0x00000000d5d80000,0x00000000d5d80000,0x00000000e5800000)
  from space 13824K, 7% used [0x00000000e5800000,0x00000000e58f8ce8,0x00000000e6580000)
  to   space 14336K, 0% used [0x00000000ebd80000,0x00000000ebd80000,0x00000000ecb80000)
 ParOldGen       total 91136K, used 18050K [0x0000000081800000, 0x0000000087100000, 0x00000000d5d80000)
  object space 91136K, 19% used [0x0000000081800000,0x00000000829a09c0,0x0000000087100000)
 Metaspace       used 34161K, capacity 36286K, committed 36608K, reserved 1081344K
  class space    used 4652K, capacity 5074K, committed 5120K, reserved 1048576K
}
Event: 545.222 GC heap before
{Heap before GC invocations=14 (full 3):
 PSYoungGen      total 270336K, used 995K [0x00000000d5d80000, 0x00000000ecb80000, 0x0000000100000000)
  eden space 256512K, 0% used [0x00000000d5d80000,0x00000000d5d80000,0x00000000e5800000)
  from space 13824K, 7% used [0x00000000e5800000,0x00000000e58f8ce8,0x00000000e6580000)
  to   space 14336K, 0% used [0x00000000ebd80000,0x00000000ebd80000,0x00000000ecb80000)
 ParOldGen       total 91136K, used 18050K [0x0000000081800000, 0x0000000087100000, 0x00000000d5d80000)
  object space 91136K, 19% used [0x0000000081800000,0x00000000829a09c0,0x0000000087100000)
 Metaspace       used 34161K, capacity 36286K, committed 36608K, reserved 1081344K
  class space    used 4652K, capacity 5074K, committed 5120K, reserved 1048576K
Event: 545.381 GC heap after
Heap after GC invocations=14 (full 3):
 PSYoungGen      total 270336K, used 0K [0x00000000d5d80000, 0x00000000ecb80000, 0x0000000100000000)
  eden space 256512K, 0% used [0x00000000d5d80000,0x00000000d5d80000,0x00000000e5800000)
  from space 13824K, 0% used [0x00000000e5800000,0x00000000e5800000,0x00000000e6580000)
  to   space 14336K, 0% used [0x00000000ebd80000,0x00000000ebd80000,0x00000000ecb80000)
 ParOldGen       total 91136K, used 12688K [0x0000000081800000, 0x0000000087100000, 0x00000000d5d80000)
  object space 91136K, 13% used [0x0000000081800000,0x0000000082464380,0x0000000087100000)
 Metaspace       used 34161K, capacity 36286K, committed 36608K, reserved 1081344K
  class space    used 4652K, capacity 5074K, committed 5120K, reserved 1048576K
}
Event: 546.530 GC heap before
{Heap before GC invocations=15 (full 3):
 PSYoungGen      total 270336K, used 256512K [0x00000000d5d80000, 0x00000000ecb80000, 0x0000000100000000)
  eden space 256512K, 100% used [0x00000000d5d80000,0x00000000e5800000,0x00000000e5800000)
  from space 13824K, 0% used [0x00000000e5800000,0x00000000e5800000,0x00000000e6580000)
  to   space 14336K, 0% used [0x00000000ebd80000,0x00000000ebd80000,0x00000000ecb80000)
 ParOldGen       total 91136K, used 12688K [0x0000000081800000, 0x0000000087100000, 0x00000000d5d80000)
  object space 91136K, 13% used [0x0000000081800000,0x0000000082464380,0x0000000087100000)
 Metaspace       used 34506K, capacity 36796K, committed 36992K, reserved 1081344K
  class space    used 4699K, capacity 5125K, committed 5248K, reserved 1048576K
Event: 546.538 GC heap after
Heap after GC invocations=15 (full 3):
 PSYoungGen      total 352256K, used 5957K [0x00000000d5d80000, 0x00000000ec700000, 0x0000000100000000)
  eden space 342528K, 0% used [0x00000000d5d80000,0x00000000d5d80000,0x00000000eac00000)
  from space 9728K, 61% used [0x00000000ebd80000,0x00000000ec351550,0x00000000ec700000)
  to   space 13824K, 0% used [0x00000000eac00000,0x00000000eac00000,0x00000000eb980000)
 ParOldGen       total 91136K, used 12696K [0x0000000081800000, 0x0000000087100000, 0x00000000d5d80000)
  object space 91136K, 13% used [0x0000000081800000,0x0000000082466380,0x0000000087100000)
 Metaspace       used 34506K, capacity 36796K, committed 36992K, reserved 1081344K
  class space    used 4699K, capacity 5125K, committed 5248K, reserved 1048576K
}

Deoptimization events (0 events):
No events

Classes redefined (0 events):
No events

Internal exceptions (10 events):
Event: 546.334 Thread 0x000000001b813800 Exception <a 'java/lang/ArrayIndexOutOfBoundsException'> (0x00000000e08ba8c8) thrown at [C:\re\workspace\8-2-build-windows-amd64-cygwin\jdk8u181\11358\hotspot\src\share\vm\runtime\sharedRuntime.cpp, line 605]
Event: 546.334 Thread 0x000000001b813800 Exception <a 'java/lang/ArrayIndexOutOfBoundsException'> (0x00000000e08bbfd0) thrown at [C:\re\workspace\8-2-build-windows-amd64-cygwin\jdk8u181\11358\hotspot\src\share\vm\runtime\sharedRuntime.cpp, line 605]
Event: 546.953 Thread 0x000000001b813800 Exception <a 'java/lang/ArrayIndexOutOfBoundsException'> (0x00000000e0418348) thrown at [C:\re\workspace\8-2-build-windows-amd64-cygwin\jdk8u181\11358\hotspot\src\share\vm\runtime\sharedRuntime.cpp, line 605]
Event: 546.971 Thread 0x000000001b813800 Exception <a 'java/lang/ArrayIndexOutOfBoundsException'> (0x00000000e04e0da8) thrown at [C:\re\workspace\8-2-build-windows-amd64-cygwin\jdk8u181\11358\hotspot\src\share\vm\runtime\sharedRuntime.cpp, line 605]
Event: 546.972 Thread 0x000000001b813800 Exception <a 'java/lang/ArrayIndexOutOfBoundsException'> (0x00000000e0503360) thrown at [C:\re\workspace\8-2-build-windows-amd64-cygwin\jdk8u181\11358\hotspot\src\share\vm\runtime\sharedRuntime.cpp, line 605]
Event: 546.972 Thread 0x000000001b813800 Exception <a 'java/lang/ArrayIndexOutOfBoundsException'> (0x00000000e0507dd0) thrown at [C:\re\workspace\8-2-build-windows-amd64-cygwin\jdk8u181\11358\hotspot\src\share\vm\runtime\sharedRuntime.cpp, line 605]
Event: 546.972 Thread 0x000000001b813800 Exception <a 'java/lang/ArrayIndexOutOfBoundsException'> (0x00000000e050c670) thrown at [C:\re\workspace\8-2-build-windows-amd64-cygwin\jdk8u181\11358\hotspot\src\share\vm\runtime\sharedRuntime.cpp, line 605]
Event: 546.973 Thread 0x000000001b813800 Exception <a 'java/lang/ArrayIndexOutOfBoundsException'> (0x00000000e0510f78) thrown at [C:\re\workspace\8-2-build-windows-amd64-cygwin\jdk8u181\11358\hotspot\src\share\vm\runtime\sharedRuntime.cpp, line 605]
Event: 546.973 Thread 0x000000001b813800 Exception <a 'java/lang/ArrayIndexOutOfBoundsException'> (0x00000000e05159c0) thrown at [C:\re\workspace\8-2-build-windows-amd64-cygwin\jdk8u181\11358\hotspot\src\share\vm\runtime\sharedRuntime.cpp, line 605]
Event: 546.989 Thread 0x000000001b813800 Exception <a 'java/lang/ArrayIndexOutOfBoundsException'> (0x00000000e06b2510) thrown at [C:\re\workspace\8-2-build-windows-amd64-cygwin\jdk8u181\11358\hotspot\src\share\vm\runtime\sharedRuntime.cpp, line 605]

Events (10 events):
Event: 547.192 Thread 0x000000001b80f000 Thread added: 0x000000001b80f000
Event: 547.192 Thread 0x000000001b818000 Thread added: 0x000000001b818000
Event: 547.192 Thread 0x000000001b812800 Thread added: 0x000000001b812800
Event: 547.193 Thread 0x000000001b81c800 Thread added: 0x000000001b81c800
Event: 547.193 Thread 0x000000001b816800 Thread added: 0x000000001b816800
Event: 547.193 Thread 0x000000001b817000 Thread added: 0x000000001b817000
Event: 547.193 Thread 0x000000001b818800 Thread added: 0x000000001b818800
Event: 547.193 Thread 0x000000001b819800 Thread added: 0x000000001b819800
Event: 547.194 Thread 0x000000001b81a000 Thread added: 0x000000001b81a000
Event: 547.194 Thread 0x000000001b81b000 Thread added: 0x000000001b81b000


Dynamic libraries:
0x00007ff68f4a0000 - 0x00007ff68f4d7000 	C:\Program Files\Java\jre1.8.0_181\bin\javaw.exe
0x00007ffa36060000 - 0x00007ffa36250000 	C:\Windows\SYSTEM32\ntdll.dll
0x00007ffa35cf0000 - 0x00007ffa35da2000 	C:\Windows\System32\KERNEL32.DLL
0x00007ffa330e0000 - 0x00007ffa33383000 	C:\Windows\System32\KERNELBASE.dll
0x00007ffa35560000 - 0x00007ffa35603000 	C:\Windows\System32\ADVAPI32.dll
0x00007ffa346b0000 - 0x00007ffa3474e000 	C:\Windows\System32\msvcrt.dll
0x00007ffa34960000 - 0x00007ffa349f7000 	C:\Windows\System32\sechost.dll
0x00007ffa34120000 - 0x00007ffa34240000 	C:\Windows\System32\RPCRT4.dll
0x00007ffa35e80000 - 0x00007ffa36013000 	C:\Windows\System32\USER32.dll
0x00007ffa334c0000 - 0x00007ffa334e1000 	C:\Windows\System32\win32u.dll
0x00007ffa34240000 - 0x00007ffa34266000 	C:\Windows\System32\GDI32.dll
0x00007ffa336e0000 - 0x00007ffa33874000 	C:\Windows\System32\gdi32full.dll
0x00007ffa33640000 - 0x00007ffa336de000 	C:\Windows\System32\msvcp_win.dll
0x00007ffa34020000 - 0x00007ffa3411a000 	C:\Windows\System32\ucrtbase.dll
0x00007ffa22b50000 - 0x00007ffa22dd5000 	C:\Windows\WinSxS\amd64_microsoft.windows.common-controls_6595b64144ccf1df_6.0.18362.175_none_e6c3ab1f131014c9\COMCTL32.dll
0x00007ffa35810000 - 0x00007ffa35b46000 	C:\Windows\System32\combase.dll
0x00007ffa33050000 - 0x00007ffa330d1000 	C:\Windows\System32\bcryptPrimitives.dll
0x00007ffa34320000 - 0x00007ffa3434e000 	C:\Windows\System32\IMM32.DLL
0x0000000054b00000 - 0x0000000054bd2000 	C:\Program Files\Java\jre1.8.0_181\bin\msvcr100.dll
0x0000000053630000 - 0x0000000053ed2000 	C:\Program Files\Java\jre1.8.0_181\bin\server\jvm.dll
0x00007ffa350e0000 - 0x00007ffa350e8000 	C:\Windows\System32\PSAPI.DLL
0x00007ffa2de80000 - 0x00007ffa2de89000 	C:\Windows\SYSTEM32\WSOCK32.dll
0x00007ffa356a0000 - 0x00007ffa3570f000 	C:\Windows\System32\WS2_32.dll
0x00007ffa2bde0000 - 0x00007ffa2bdea000 	C:\Windows\SYSTEM32\VERSION.dll
0x00007ffa30d80000 - 0x00007ffa30da4000 	C:\Windows\SYSTEM32\WINMM.dll
0x00007ffa30d50000 - 0x00007ffa30d7d000 	C:\Windows\SYSTEM32\WINMMBASE.dll
0x00007ffa333c0000 - 0x00007ffa3340a000 	C:\Windows\System32\cfgmgr32.dll
0x0000000055050000 - 0x000000005505f000 	C:\Program Files\Java\jre1.8.0_181\bin\verify.dll
0x0000000054ad0000 - 0x0000000054af9000 	C:\Program Files\Java\jre1.8.0_181\bin\java.dll
0x0000000054ab0000 - 0x0000000054ac6000 	C:\Program Files\Java\jre1.8.0_181\bin\zip.dll
0x00007ffa34a00000 - 0x00007ffa350e0000 	C:\Windows\System32\SHELL32.dll
0x00007ffa34270000 - 0x00007ffa34319000 	C:\Windows\System32\shcore.dll
0x00007ffa338a0000 - 0x00007ffa3401b000 	C:\Windows\System32\windows.storage.dll
0x00007ffa32f60000 - 0x00007ffa32f7f000 	C:\Windows\System32\profapi.dll
0x00007ffa32fa0000 - 0x00007ffa32fea000 	C:\Windows\System32\powrprof.dll
0x00007ffa32f30000 - 0x00007ffa32f40000 	C:\Windows\System32\UMPDC.dll
0x00007ffa35b50000 - 0x00007ffa35ba2000 	C:\Windows\System32\shlwapi.dll
0x00007ffa32f40000 - 0x00007ffa32f51000 	C:\Windows\System32\kernel.appcore.dll
0x00007ffa33880000 - 0x00007ffa33897000 	C:\Windows\System32\cryptsp.dll
0x0000000055040000 - 0x000000005504d000 	C:\Program Files\Java\jre1.8.0_181\bin\management.dll
0x0000000054a90000 - 0x0000000054aaa000 	C:\Program Files\Java\jre1.8.0_181\bin\net.dll
0x00007ffa327a0000 - 0x00007ffa32807000 	C:\Windows\system32\mswsock.dll
0x0000000054a70000 - 0x0000000054a81000 	C:\Program Files\Java\jre1.8.0_181\bin\nio.dll
0x00007ffa0f920000 - 0x00007ffa0f936000 	C:\Windows\system32\napinsp.dll
0x00007ffa0f900000 - 0x00007ffa0f91a000 	C:\Windows\system32\pnrpnsp.dll
0x00007ffa32540000 - 0x00007ffa3260a000 	C:\Windows\SYSTEM32\DNSAPI.dll
0x00007ffa35610000 - 0x00007ffa35618000 	C:\Windows\System32\NSI.dll
0x00007ffa32500000 - 0x00007ffa3253a000 	C:\Windows\SYSTEM32\IPHLPAPI.DLL
0x00007ffa0f7e0000 - 0x00007ffa0f7ee000 	C:\Windows\System32\winrnr.dll
0x00007ffa2f2d0000 - 0x00007ffa2f2ec000 	C:\Windows\system32\NLAapi.dll
0x00007ffa2e760000 - 0x00007ffa2e775000 	C:\Windows\system32\wshbth.dll
0x00007ffa2a990000 - 0x00007ffa2a99a000 	C:\Windows\System32\rasadhlp.dll
0x00007ffa2a7c0000 - 0x00007ffa2a837000 	C:\Windows\System32\fwpuclnt.dll
0x00007ffa33390000 - 0x00007ffa333b6000 	C:\Windows\System32\bcrypt.dll
0x00007ffa32360000 - 0x00007ffa32393000 	C:\Windows\system32\rsaenh.dll
0x00007ffa32e20000 - 0x00007ffa32e45000 	C:\Windows\SYSTEM32\USERENV.dll
0x00007ffa32970000 - 0x00007ffa3297c000 	C:\Windows\SYSTEM32\CRYPTBASE.dll
0x00007ffa2bad0000 - 0x00007ffa2bae6000 	C:\Windows\SYSTEM32\dhcpcsvc6.DLL
0x00007ffa2ba90000 - 0x00007ffa2baac000 	C:\Windows\SYSTEM32\dhcpcsvc.DLL
0x00007ffa052e0000 - 0x00007ffa054d4000 	C:\Windows\SYSTEM32\dbghelp.dll

VM Arguments:
jvm_args: -Dcom.sun.management.jmxremote -Dcom.sun.management.jmxremote.port=61046 -Dcom.sun.management.jmxremote.authenticate=false -Dcom.sun.management.jmxremote.ssl=false -Djava.rmi.server.hostname=localhost -Dspring.liveBeansView.mbeanDomain -Dspring.application.admin.enabled=true -Xverify:none -XX:TieredStopAtLevel=1 -Dfile.encoding=UTF-8 
java_command: com.accp.DzwApplication --spring.output.ansi.enabled=always
java_class_path (initial): C:\Program Files\Java\jre1.8.0_181\lib\resources.jar;C:\Program Files\Java\jre1.8.0_181\lib\rt.jar;C:\Program Files\Java\jre1.8.0_181\lib\jsse.jar;C:\Program Files\Java\jre1.8.0_181\lib\jce.jar;C:\Program Files\Java\jre1.8.0_181\lib\charsets.jar;C:\Program Files\Java\jre1.8.0_181\lib\jfr.jar;C:\Program Files\Java\jre1.8.0_181\lib\ext\access-bridge-64.jar;C:\Program Files\Java\jre1.8.0_181\lib\ext\cldrdata.jar;C:\Program Files\Java\jre1.8.0_181\lib\ext\dnsns.jar;C:\Program Files\Java\jre1.8.0_181\lib\ext\jaccess.jar;C:\Program Files\Java\jre1.8.0_181\lib\ext\jfxrt.jar;C:\Program Files\Java\jre1.8.0_181\lib\ext\localedata.jar;C:\Program Files\Java\jre1.8.0_181\lib\ext\nashorn.jar;C:\Program Files\Java\jre1.8.0_181\lib\ext\sunec.jar;C:\Program Files\Java\jre1.8.0_181\lib\ext\sunjce_provider.jar;C:\Program Files\Java\jre1.8.0_181\lib\ext\sunmscapi.jar;C:\Program Files\Java\jre1.8.0_181\lib\ext\sunpkcs11.jar;C:\Program Files\Java\jre1.8.0_181\lib\ext\zipfs.jar;C:\Users\Administrator\git\dzw\hdzw\target\classes;C:\Users\Administrator\.m2\repository\org\apache\poi\poi\4.0.1\poi-4.0.1.jar;C:\Users\Administrator\.m2\repository\commons-codec\commons-codec\1.14\commons-codec-1.14.jar;C:\Users\Administrator\.m2\repository\org\apache\commons\commons-collections4\4.2\commons-collections4-4.2.jar;C:\Users\Administrator\.m2\repository\org\apache\commons\commons-math3\3.6.1\commons-math3-3.6.1.jar;C:\Users\Administrator\.m2\repository\org\apache\poi\poi-ooxml\4.0.1\poi-ooxml-4.0.1.jar;C:\Users\Administrator\.m2\repository\org\apache\poi\poi-ooxml-schemas\4.0.1\poi-ooxml-schemas-4.0.1.jar;C:\Users\Administrator\.m2\repository\org\apache\xmlbeans\xmlbeans\3.0.2\xmlbeans-3.0.2.jar;C:\Users\Administrator\.m2\repository\org\apache\commons\commons-compress\1.18\commons-compress-1.18.jar;C:\Users\Administrator\.m2\repository\com\github\virtuald\curvesapi\1.05\curvesapi-1.05.jar;C:\Users\Administrator\.m2\repository\com\github\pagehelper\pagehelper\5.1.2\pagehel
Launcher Type: SUN_STANDARD

Environment Variables:
JAVA_HOME=C:\Program Files\Java\jdk1.8.0_181
CLASSPATH=C:\Program Files\Java\jdk1.7.0_07\lib;C:\Program Files\Java\jdk1.7.0_07\lib\dt.jar;C:\Program Files\Java\jdk1.7.0_07\lib\tools.jar
PATH=C:/Program Files/Java/jdk1.8.0_181/bin/../jre/bin/server;C:/Program Files/Java/jdk1.8.0_181/bin/../jre/bin;C:/Program Files/Java/jdk1.8.0_181/bin/../jre/lib/amd64;C:\Windows;C:\Windows\system32;C:\Windows;C:\Windows\System32\Wbem;C:\Windows\System32\WindowsPowerShell\v1.0\;C:\Windows\System32\OpenSSH\;C:\Program Files (x86)\NVIDIA Corporation\PhysX\Common;D:\学习软件\bin;C:\;rogram Files\Microsoft\Web Platform Installer\;C:\Program Files (x86)\Microsoft ASP.NET\ASP.NET Web Pages\v1.0\;C:\Program Files\Microsoft SQL Server\110\Tools\Binn\;C:\Program Files\Java\jdk1.8.0_181\bin;D:\software\apache-maven-3.5.0\bin;D:\学习作业\git\Git\cmd;C:\Program Files\TortoiseGit\bin;D:\software\node-v14.5.0-win-x64\node_global;"C:\Users\Administrator\AppData\Local\Microsoft\WindowsApps;C:\Program Files\Java\jdk1.8.0_181\bin;C:\Program Files\Java\jdk1.8.0_181\jre\bin";C:\Users\Administrator\AppData\Local\GitHubDesktop\bin;D:\software\node-v14.5.0-win-x64;;G:\xzrj\Microsoft VS Code\bin;D:\Documents\Tencent Files\470229011\FileRecv\sts-bundle\sts-3.9.5.RELEASE;
USERNAME=Administrator
OS=Windows_NT
PROCESSOR_IDENTIFIER=Intel64 Family 6 Model 142 Stepping 9, GenuineIntel



---------------  S Y S T E M  ---------------

OS: Windows 10.0 , 64 bit Build 18362 (10.0.18362.86)

CPU:total 4 (initial active 4) (2 cores per cpu, 2 threads per core) family 6 model 142 stepping 9, cmov, cx8, fxsr, mmx, sse, sse2, sse3, ssse3, sse4.1, sse4.2, popcnt, aes, clmul, erms, 3dnowpref, lzcnt, ht, tsc, tscinvbit

Memory: 4k page, physical 8286436k(2434344k free), swap 9335012k(528k free)

vm_info: Java HotSpot(TM) 64-Bit Server VM (25.181-b13) for windows-amd64 JRE (1.8.0_181-b13), built on Jul  7 2018 04:01:33 by "java_re" with MS VC++ 10.0 (VS2010)

time: Tue Jul 21 23:36:36 2020
elapsed time: 547 seconds (0d 0h 9m 7s)

